<?xml version="1.0" encoding="UTF-8"?>
<testsuite xmlns:xsi="http://www.w3.org/2001/XMLSchema-instance" xsi:noNamespaceSchemaLocation="https://maven.apache.org/surefire/maven-surefire-plugin/xsd/surefire-test-report.xsd" version="3.0.2" name="StepDefnitions.TestRunner" time="349.848" tests="19" errors="0" skipped="0" failures="0">
  <properties>
[...]
</properties>
  <testcase name="Check for valid credentials #1" classname="validate signin page" time="13.809">
    <system-out><![CDATA[
&amp#27;[1mScenario Outline:&amp#27;[22m Check for valid credentials                         &amp#27;[90m# file:///C:/Users/HP/eclipse-workspace/Cucumber_bstackdemo/src/test/resources/features/Asignin.feature:9&amp#27;[39m
  &amp#27;[32m✔&amp#27;[39m &amp#27;[32m&amp#27;[1mGiven &amp#27;[22msignin page should be open in default browser&amp#27;[39m               &amp#27;[90m# StepDefnitions.LoginStep.signin_page_should_be_open_in_default_browser()&amp#27;[39m
  &amp#27;[32m✔&amp#27;[39m &amp#27;[32m&amp#27;[1mWhen &amp#27;[22mclick on signin button and enter &amp#27;[1mdemouser&amp#27;[22m and &amp#27;[1mtestingisfun99&amp#27;[22m&amp#27;[39m &amp#27;[90m# StepDefnitions.LoginStep.click_on_signin_button_and_enter_username_and_password(java.lang.String,java.lang.String)&amp#27;[39m
Login status check performed: success
  &amp#27;[32m✔&amp#27;[39m &amp#27;[32m&amp#27;[1mAnd &amp#27;[22mclick on loginin button check &amp#27;[1msuccess&amp#27;[22m&amp#27;[39m                         &amp#27;[90m# StepDefnitions.LoginStep.click_on_loginin_button_check_status(java.lang.String)&amp#27;[39m
Home page validation done 
  &amp#27;[32m✔&amp#27;[39m &amp#27;[32m&amp#27;[1mThen &amp#27;[22mlogin successfully and open home page&amp#27;[39m                        &amp#27;[90m# StepDefnitions.LoginStep.login_successfully_and_open_home_page()&amp#27;[39m
]]></system-out>
    <system-err><![CDATA[Sep 07, 2025 11:05:36 PM org.openqa.selenium.devtools.CdpVersionFinder findNearestMatch
WARNING: Unable to find CDP implementation matching 140
Sep 07, 2025 11:05:36 PM org.openqa.selenium.chromium.ChromiumDriver lambda$new$5
WARNING: Unable to find version of CDP to use for 140.0.7339.81. You may need to include a dependency on a specific version of the CDP using something similar to `org.seleniumhq.selenium:selenium-devtools-v86:4.22.0` where the version ("v86") matches the version of the chromium-based browser you're using and the version number of the artifact is the same as Selenium's.
]]></system-err>
  </testcase>
  <testcase name="Check for valid credentials #2" classname="validate signin page" time="12.413">
    <system-out><![CDATA[
&amp#27;[1mScenario Outline:&amp#27;[22m Check for valid credentials                                       &amp#27;[90m# file:///C:/Users/HP/eclipse-workspace/Cucumber_bstackdemo/src/test/resources/features/Asignin.feature:10&amp#27;[39m
  &amp#27;[32m✔&amp#27;[39m &amp#27;[32m&amp#27;[1mGiven &amp#27;[22msignin page should be open in default browser&amp#27;[39m                             &amp#27;[90m# StepDefnitions.LoginStep.signin_page_should_be_open_in_default_browser()&amp#27;[39m
  &amp#27;[32m✔&amp#27;[39m &amp#27;[32m&amp#27;[1mWhen &amp#27;[22mclick on signin button and enter &amp#27;[1mimage_not_loading_user&amp#27;[22m and &amp#27;[1mtestingisfun99&amp#27;[22m&amp#27;[39m &amp#27;[90m# StepDefnitions.LoginStep.click_on_signin_button_and_enter_username_and_password(java.lang.String,java.lang.String)&amp#27;[39m
Login status check performed: success
  &amp#27;[32m✔&amp#27;[39m &amp#27;[32m&amp#27;[1mAnd &amp#27;[22mclick on loginin button check &amp#27;[1msuccess&amp#27;[22m&amp#27;[39m                                       &amp#27;[90m# StepDefnitions.LoginStep.click_on_loginin_button_check_status(java.lang.String)&amp#27;[39m
Home page validation done 
  &amp#27;[32m✔&amp#27;[39m &amp#27;[32m&amp#27;[1mThen &amp#27;[22mlogin successfully and open home page&amp#27;[39m                                      &amp#27;[90m# StepDefnitions.LoginStep.login_successfully_and_open_home_page()&amp#27;[39m
]]></system-out>
    <system-err><![CDATA[Sep 07, 2025 11:05:49 PM org.openqa.selenium.devtools.CdpVersionFinder findNearestMatch
WARNING: Unable to find CDP implementation matching 140
Sep 07, 2025 11:05:49 PM org.openqa.selenium.chromium.ChromiumDriver lambda$new$5
WARNING: Unable to find version of CDP to use for 140.0.7339.81. You may need to include a dependency on a specific version of the CDP using something similar to `org.seleniumhq.selenium:selenium-devtools-v86:4.22.0` where the version ("v86") matches the version of the chromium-based browser you're using and the version number of the artifact is the same as Selenium's.
]]></system-err>
  </testcase>
  <testcase name="Check for valid credentials #3" classname="validate signin page" time="12.987">
    <system-out><![CDATA[
&amp#27;[1mScenario Outline:&amp#27;[22m Check for valid credentials                                     &amp#27;[90m# file:///C:/Users/HP/eclipse-workspace/Cucumber_bstackdemo/src/test/resources/features/Asignin.feature:11&amp#27;[39m
  &amp#27;[32m✔&amp#27;[39m &amp#27;[32m&amp#27;[1mGiven &amp#27;[22msignin page should be open in default browser&amp#27;[39m                           &amp#27;[90m# StepDefnitions.LoginStep.signin_page_should_be_open_in_default_browser()&amp#27;[39m
  &amp#27;[32m✔&amp#27;[39m &amp#27;[32m&amp#27;[1mWhen &amp#27;[22mclick on signin button and enter &amp#27;[1mexisting_orders_user&amp#27;[22m and &amp#27;[1mtestingisfun99&amp#27;[22m&amp#27;[39m &amp#27;[90m# StepDefnitions.LoginStep.click_on_signin_button_and_enter_username_and_password(java.lang.String,java.lang.String)&amp#27;[39m
Login status check performed: success
  &amp#27;[32m✔&amp#27;[39m &amp#27;[32m&amp#27;[1mAnd &amp#27;[22mclick on loginin button check &amp#27;[1msuccess&amp#27;[22m&amp#27;[39m                                     &amp#27;[90m# StepDefnitions.LoginStep.click_on_loginin_button_check_status(java.lang.String)&amp#27;[39m
Home page validation done 
  &amp#27;[32m✔&amp#27;[39m &amp#27;[32m&amp#27;[1mThen &amp#27;[22mlogin successfully and open home page&amp#27;[39m                                    &amp#27;[90m# StepDefnitions.LoginStep.login_successfully_and_open_home_page()&amp#27;[39m
]]></system-out>
    <system-err><![CDATA[Sep 07, 2025 11:06:01 PM org.openqa.selenium.devtools.CdpVersionFinder findNearestMatch
WARNING: Unable to find CDP implementation matching 140
Sep 07, 2025 11:06:01 PM org.openqa.selenium.chromium.ChromiumDriver lambda$new$5
WARNING: Unable to find version of CDP to use for 140.0.7339.81. You may need to include a dependency on a specific version of the CDP using something similar to `org.seleniumhq.selenium:selenium-devtools-v86:4.22.0` where the version ("v86") matches the version of the chromium-based browser you're using and the version number of the artifact is the same as Selenium's.
]]></system-err>
  </testcase>
  <testcase name="Check for valid credentials #4" classname="validate signin page" time="11.653">
    <system-out><![CDATA[
&amp#27;[1mScenario Outline:&amp#27;[22m Check for valid credentials                         &amp#27;[90m# file:///C:/Users/HP/eclipse-workspace/Cucumber_bstackdemo/src/test/resources/features/Asignin.feature:12&amp#27;[39m
  &amp#27;[32m✔&amp#27;[39m &amp#27;[32m&amp#27;[1mGiven &amp#27;[22msignin page should be open in default browser&amp#27;[39m               &amp#27;[90m# StepDefnitions.LoginStep.signin_page_should_be_open_in_default_browser()&amp#27;[39m
  &amp#27;[32m✔&amp#27;[39m &amp#27;[32m&amp#27;[1mWhen &amp#27;[22mclick on signin button and enter &amp#27;[1mfav_user&amp#27;[22m and &amp#27;[1mtestingisfun99&amp#27;[22m&amp#27;[39m &amp#27;[90m# StepDefnitions.LoginStep.click_on_signin_button_and_enter_username_and_password(java.lang.String,java.lang.String)&amp#27;[39m
Login status check performed: success
  &amp#27;[32m✔&amp#27;[39m &amp#27;[32m&amp#27;[1mAnd &amp#27;[22mclick on loginin button check &amp#27;[1msuccess&amp#27;[22m&amp#27;[39m                         &amp#27;[90m# StepDefnitions.LoginStep.click_on_loginin_button_check_status(java.lang.String)&amp#27;[39m
Home page validation done 
  &amp#27;[32m✔&amp#27;[39m &amp#27;[32m&amp#27;[1mThen &amp#27;[22mlogin successfully and open home page&amp#27;[39m                        &amp#27;[90m# StepDefnitions.LoginStep.login_successfully_and_open_home_page()&amp#27;[39m
]]></system-out>
    <system-err><![CDATA[Sep 07, 2025 11:06:14 PM org.openqa.selenium.devtools.CdpVersionFinder findNearestMatch
WARNING: Unable to find CDP implementation matching 140
Sep 07, 2025 11:06:14 PM org.openqa.selenium.chromium.ChromiumDriver lambda$new$5
WARNING: Unable to find version of CDP to use for 140.0.7339.81. You may need to include a dependency on a specific version of the CDP using something similar to `org.seleniumhq.selenium:selenium-devtools-v86:4.22.0` where the version ("v86") matches the version of the chromium-based browser you're using and the version number of the artifact is the same as Selenium's.
]]></system-err>
  </testcase>
  <testcase name="Check for valid credentials #5" classname="validate signin page" time="12.305">
    <system-out><![CDATA[
&amp#27;[1mScenario Outline:&amp#27;[22m Check for valid credentials                            &amp#27;[90m# file:///C:/Users/HP/eclipse-workspace/Cucumber_bstackdemo/src/test/resources/features/Asignin.feature:13&amp#27;[39m
  &amp#27;[32m✔&amp#27;[39m &amp#27;[32m&amp#27;[1mGiven &amp#27;[22msignin page should be open in default browser&amp#27;[39m                  &amp#27;[90m# StepDefnitions.LoginStep.signin_page_should_be_open_in_default_browser()&amp#27;[39m
  &amp#27;[32m✔&amp#27;[39m &amp#27;[32m&amp#27;[1mWhen &amp#27;[22mclick on signin button and enter &amp#27;[1mlocked_user&amp#27;[22m and &amp#27;[1mtestingisfun99&amp#27;[22m&amp#27;[39m &amp#27;[90m# StepDefnitions.LoginStep.click_on_signin_button_and_enter_username_and_password(java.lang.String,java.lang.String)&amp#27;[39m
Login status check performed: success
  &amp#27;[32m✔&amp#27;[39m &amp#27;[32m&amp#27;[1mAnd &amp#27;[22mclick on loginin button check &amp#27;[1msuccess&amp#27;[22m&amp#27;[39m                            &amp#27;[90m# StepDefnitions.LoginStep.click_on_loginin_button_check_status(java.lang.String)&amp#27;[39m
Home page validation done 
  &amp#27;[32m✔&amp#27;[39m &amp#27;[32m&amp#27;[1mThen &amp#27;[22mlogin successfully and open home page&amp#27;[39m                           &amp#27;[90m# StepDefnitions.LoginStep.login_successfully_and_open_home_page()&amp#27;[39m
]]></system-out>
    <system-err><![CDATA[Sep 07, 2025 11:06:26 PM org.openqa.selenium.devtools.CdpVersionFinder findNearestMatch
WARNING: Unable to find CDP implementation matching 140
Sep 07, 2025 11:06:26 PM org.openqa.selenium.chromium.ChromiumDriver lambda$new$5
WARNING: Unable to find version of CDP to use for 140.0.7339.81. You may need to include a dependency on a specific version of the CDP using something similar to `org.seleniumhq.selenium:selenium-devtools-v86:4.22.0` where the version ("v86") matches the version of the chromium-based browser you're using and the version number of the artifact is the same as Selenium's.
]]></system-err>
  </testcase>
  <testcase name="validate search feature #1" classname="Search a product in bstackdemo" time="15.489">
    <system-out><![CDATA[
&amp#27;[1mScenario Outline:&amp#27;[22m validate search feature               &amp#27;[90m# file:///C:/Users/HP/eclipse-workspace/Cucumber_bstackdemo/src/test/resources/features/BSearch.feature:8&amp#27;[39m
  &amp#27;[32m✔&amp#27;[39m &amp#27;[32m&amp#27;[1mGiven &amp#27;[22mlogin user and search button available&amp#27;[39m        &amp#27;[90m# StepDefnitions.SearchStep.login_user_and_search_button_available()&amp#27;[39m
  &amp#27;[32m✔&amp#27;[39m &amp#27;[32m&amp#27;[1mWhen &amp#27;[22mEnter &amp#27;[1miphone12&amp#27;[22m item and then press search icon&amp#27;[39m &amp#27;[90m# StepDefnitions.SearchStep.enter_item_and_then_press_search_icon(java.lang.String)&amp#27;[39m
  &amp#27;[32m✔&amp#27;[39m &amp#27;[32m&amp#27;[1mThen &amp#27;[22mList of output relevant to input&amp#27;[39m               &amp#27;[90m# StepDefnitions.SearchStep.list_of_output_relevant_to_input()&amp#27;[39m
]]></system-out>
    <system-err><![CDATA[Sep 07, 2025 11:06:38 PM org.openqa.selenium.devtools.CdpVersionFinder findNearestMatch
WARNING: Unable to find CDP implementation matching 140
Sep 07, 2025 11:06:38 PM org.openqa.selenium.chromium.ChromiumDriver lambda$new$5
WARNING: Unable to find version of CDP to use for 140.0.7339.81. You may need to include a dependency on a specific version of the CDP using something similar to `org.seleniumhq.selenium:selenium-devtools-v86:4.22.0` where the version ("v86") matches the version of the chromium-based browser you're using and the version number of the artifact is the same as Selenium's.
Sep 07, 2025 11:06:52 PM org.openqa.selenium.remote.http.WebSocket$Listener onError
WARNING: Connection reset
java.net.SocketException: Connection reset
	at java.base/sun.nio.ch.SocketChannelImpl.throwConnectionReset(SocketChannelImpl.java:401)
	at java.base/sun.nio.ch.SocketChannelImpl.read(SocketChannelImpl.java:434)
	at java.net.http/jdk.internal.net.http.SocketTube.readAvailable(SocketTube.java:1178)
	at java.net.http/jdk.internal.net.http.SocketTube$InternalReadPublisher$InternalReadSubscription.read(SocketTube.java:841)
	at java.net.http/jdk.internal.net.http.SocketTube$SocketFlowTask.run(SocketTube.java:181)
	at java.net.http/jdk.internal.net.http.common.SequentialScheduler$SchedulableTask.run(SequentialScheduler.java:207)
	at java.net.http/jdk.internal.net.http.common.SequentialScheduler.runOrSchedule(SequentialScheduler.java:280)
	at java.net.http/jdk.internal.net.http.common.SequentialScheduler.runOrSchedule(SequentialScheduler.java:233)
	at java.net.http/jdk.internal.net.http.SocketTube$InternalReadPublisher$InternalReadSubscription.signalReadable(SocketTube.java:782)
	at java.net.http/jdk.internal.net.http.SocketTube$InternalReadPublisher$ReadEvent.signalEvent(SocketTube.java:965)
	at java.net.http/jdk.internal.net.http.SocketTube$SocketFlowEvent.handle(SocketTube.java:253)
	at java.net.http/jdk.internal.net.http.HttpClientImpl$SelectorManager.handleEvent(HttpClientImpl.java:1477)
	at java.net.http/jdk.internal.net.http.HttpClientImpl$SelectorManager.lambda$run$3(HttpClientImpl.java:1422)
	at java.base/java.util.ArrayList.forEach(ArrayList.java:1596)
	at java.net.http/jdk.internal.net.http.HttpClientImpl$SelectorManager.run(HttpClientImpl.java:1422)

]]></system-err>
  </testcase>
  <testcase name="validate search feature #2" classname="Search a product in bstackdemo" time="15.308">
    <system-out><![CDATA[
&amp#27;[1mScenario Outline:&amp#27;[22m validate search feature             &amp#27;[90m# file:///C:/Users/HP/eclipse-workspace/Cucumber_bstackdemo/src/test/resources/features/BSearch.feature:9&amp#27;[39m
  &amp#27;[32m✔&amp#27;[39m &amp#27;[32m&amp#27;[1mGiven &amp#27;[22mlogin user and search button available&amp#27;[39m      &amp#27;[90m# StepDefnitions.SearchStep.login_user_and_search_button_available()&amp#27;[39m
  &amp#27;[32m✔&amp#27;[39m &amp#27;[32m&amp#27;[1mWhen &amp#27;[22mEnter &amp#27;[1miphone&amp#27;[22m item and then press search icon&amp#27;[39m &amp#27;[90m# StepDefnitions.SearchStep.enter_item_and_then_press_search_icon(java.lang.String)&amp#27;[39m
  &amp#27;[32m✔&amp#27;[39m &amp#27;[32m&amp#27;[1mThen &amp#27;[22mList of output relevant to input&amp#27;[39m             &amp#27;[90m# StepDefnitions.SearchStep.list_of_output_relevant_to_input()&amp#27;[39m
]]></system-out>
    <system-err><![CDATA[Sep 07, 2025 11:06:54 PM org.openqa.selenium.devtools.CdpVersionFinder findNearestMatch
WARNING: Unable to find CDP implementation matching 140
Sep 07, 2025 11:06:54 PM org.openqa.selenium.chromium.ChromiumDriver lambda$new$5
WARNING: Unable to find version of CDP to use for 140.0.7339.81. You may need to include a dependency on a specific version of the CDP using something similar to `org.seleniumhq.selenium:selenium-devtools-v86:4.22.0` where the version ("v86") matches the version of the chromium-based browser you're using and the version number of the artifact is the same as Selenium's.
Sep 07, 2025 11:07:08 PM org.openqa.selenium.remote.http.WebSocket$Listener onError
WARNING: Connection reset
java.net.SocketException: Connection reset
	at java.base/sun.nio.ch.SocketChannelImpl.throwConnectionReset(SocketChannelImpl.java:401)
	at java.base/sun.nio.ch.SocketChannelImpl.read(SocketChannelImpl.java:434)
	at java.net.http/jdk.internal.net.http.SocketTube.readAvailable(SocketTube.java:1178)
	at java.net.http/jdk.internal.net.http.SocketTube$InternalReadPublisher$InternalReadSubscription.read(SocketTube.java:841)
	at java.net.http/jdk.internal.net.http.SocketTube$SocketFlowTask.run(SocketTube.java:181)
	at java.net.http/jdk.internal.net.http.common.SequentialScheduler$SchedulableTask.run(SequentialScheduler.java:207)
	at java.net.http/jdk.internal.net.http.common.SequentialScheduler.runOrSchedule(SequentialScheduler.java:280)
	at java.net.http/jdk.internal.net.http.common.SequentialScheduler.runOrSchedule(SequentialScheduler.java:233)
	at java.net.http/jdk.internal.net.http.SocketTube$InternalReadPublisher$InternalReadSubscription.signalReadable(SocketTube.java:782)
	at java.net.http/jdk.internal.net.http.SocketTube$InternalReadPublisher$ReadEvent.signalEvent(SocketTube.java:965)
	at java.net.http/jdk.internal.net.http.SocketTube$SocketFlowEvent.handle(SocketTube.java:253)
	at java.net.http/jdk.internal.net.http.HttpClientImpl$SelectorManager.handleEvent(HttpClientImpl.java:1477)
	at java.net.http/jdk.internal.net.http.HttpClientImpl$SelectorManager.lambda$run$3(HttpClientImpl.java:1422)
	at java.base/java.util.ArrayList.forEach(ArrayList.java:1596)
	at java.net.http/jdk.internal.net.http.HttpClientImpl$SelectorManager.run(HttpClientImpl.java:1422)

]]></system-err>
  </testcase>
  <testcase name="validate search feature #3" classname="Search a product in bstackdemo" time="18.223">
    <system-out><![CDATA[
&amp#27;[1mScenario Outline:&amp#27;[22m validate search feature               &amp#27;[90m# file:///C:/Users/HP/eclipse-workspace/Cucumber_bstackdemo/src/test/resources/features/BSearch.feature:10&amp#27;[39m
  &amp#27;[32m✔&amp#27;[39m &amp#27;[32m&amp#27;[1mGiven &amp#27;[22mlogin user and search button available&amp#27;[39m        &amp#27;[90m# StepDefnitions.SearchStep.login_user_and_search_button_available()&amp#27;[39m
  &amp#27;[32m✔&amp#27;[39m &amp#27;[32m&amp#27;[1mWhen &amp#27;[22mEnter &amp#27;[1miphone13&amp#27;[22m item and then press search icon&amp#27;[39m &amp#27;[90m# StepDefnitions.SearchStep.enter_item_and_then_press_search_icon(java.lang.String)&amp#27;[39m
  &amp#27;[32m✔&amp#27;[39m &amp#27;[32m&amp#27;[1mThen &amp#27;[22mList of output relevant to input&amp#27;[39m               &amp#27;[90m# StepDefnitions.SearchStep.list_of_output_relevant_to_input()&amp#27;[39m
]]></system-out>
    <system-err><![CDATA[Sep 07, 2025 11:07:09 PM org.openqa.selenium.devtools.CdpVersionFinder findNearestMatch
WARNING: Unable to find CDP implementation matching 140
Sep 07, 2025 11:07:09 PM org.openqa.selenium.chromium.ChromiumDriver lambda$new$5
WARNING: Unable to find version of CDP to use for 140.0.7339.81. You may need to include a dependency on a specific version of the CDP using something similar to `org.seleniumhq.selenium:selenium-devtools-v86:4.22.0` where the version ("v86") matches the version of the chromium-based browser you're using and the version number of the artifact is the same as Selenium's.
]]></system-err>
  </testcase>
  <testcase name="Add and delete any product" classname="Add To Cart and Delete From Cart in bstackdemo" time="15.157">
    <system-out><![CDATA[
&amp#27;[1mScenario:&amp#27;[22m Add and delete any product       &amp#27;[90m# file:///C:/Users/HP/eclipse-workspace/Cucumber_bstackdemo/src/test/resources/features/CAddandDeleteCart.feature:2&amp#27;[39m
  &amp#27;[32m✔&amp#27;[39m &amp#27;[32m&amp#27;[1mGiven &amp#27;[22mProduct is searched on home page&amp#27;[39m &amp#27;[90m# StepDefnitions.AddandDeleteCartStep.product_is_searched_on_home_page()&amp#27;[39m
  &amp#27;[32m✔&amp#27;[39m &amp#27;[32m&amp#27;[1mWhen &amp#27;[22madd product to cart&amp#27;[39m               &amp#27;[90m# StepDefnitions.AddandDeleteCartStep.add_product_to_cart()&amp#27;[39m
  &amp#27;[32m✔&amp#27;[39m &amp#27;[32m&amp#27;[1mAnd &amp#27;[22mOpen cart and remove product&amp#27;[39m       &amp#27;[90m# StepDefnitions.AddandDeleteCartStep.open_cart_and_remove_product()&amp#27;[39m
Deleted Sucessfully
  &amp#27;[32m✔&amp#27;[39m &amp#27;[32m&amp#27;[1mThen &amp#27;[22mcheck product is deleted&amp#27;[39m          &amp#27;[90m# StepDefnitions.AddandDeleteCartStep.check_product_is_deleted()&amp#27;[39m
]]></system-out>
    <system-err><![CDATA[Sep 07, 2025 11:07:27 PM org.openqa.selenium.devtools.CdpVersionFinder findNearestMatch
WARNING: Unable to find CDP implementation matching 140
Sep 07, 2025 11:07:27 PM org.openqa.selenium.chromium.ChromiumDriver lambda$new$5
WARNING: Unable to find version of CDP to use for 140.0.7339.81. You may need to include a dependency on a specific version of the CDP using something similar to `org.seleniumhq.selenium:selenium-devtools-v86:4.22.0` where the version ("v86") matches the version of the chromium-based browser you're using and the version number of the artifact is the same as Selenium's.
]]></system-err>
  </testcase>
  <testcase name="Home Page checkout flow" classname="Checkout process in bstackdemo" time="51.258">
    <system-out><![CDATA[
&amp#27;[1mScenario Outline:&amp#27;[22m Home Page checkout flow                      &amp#27;[90m# file:///C:/Users/HP/eclipse-workspace/Cucumber_bstackdemo/src/test/resources/features/DCheckout.feature:10&amp#27;[39m
  &amp#27;[32m✔&amp#27;[39m &amp#27;[32m&amp#27;[1mGiven &amp#27;[22muser opens the site and adds a product to the cart&amp#27;[39m   &amp#27;[90m# StepDefnitions.CheckoutStep.user_opens_site_and_adds_item()&amp#27;[39m
  &amp#27;[32m✔&amp#27;[39m &amp#27;[32m&amp#27;[1mAnd &amp#27;[22muser click on checkout button&amp#27;[39m                          &amp#27;[90m# StepDefnitions.CheckoutStep.user_click_checkout_button()&amp#27;[39m
  &amp#27;[32m✔&amp#27;[39m &amp#27;[32m&amp#27;[1mAnd &amp#27;[22muser signs in with valid credentials&amp#27;[39m                   &amp#27;[90m# StepDefnitions.CheckoutStep.user_signs_in()&amp#27;[39m
  &amp#27;[32m✔&amp#27;[39m &amp#27;[32m&amp#27;[1mWhen &amp#27;[22muser enters &amp#27;[1mdemo&amp#27;[22m &amp#27;[1muser&amp#27;[22m &amp#27;[1mMainStreet&amp#27;[22m &amp#27;[1mAndhraPradesh&amp#27;[22m &amp#27;[1m123456&amp#27;[22m&amp#27;[39m &amp#27;[90m# StepDefnitions.CheckoutStep.user_enters_shipping_details(java.lang.String,java.lang.String,java.lang.String,java.lang.String,java.lang.String)&amp#27;[39m
  &amp#27;[32m✔&amp#27;[39m &amp#27;[32m&amp#27;[1mThen &amp#27;[22mcheckout process completes successfully&amp#27;[39m               &amp#27;[90m# StepDefnitions.CheckoutStep.checkout_process_completes_successfully()&amp#27;[39m
]]></system-out>
    <system-err><![CDATA[Sep 07, 2025 11:07:43 PM org.openqa.selenium.devtools.CdpVersionFinder findNearestMatch
WARNING: Unable to find CDP implementation matching 140
Sep 07, 2025 11:07:43 PM org.openqa.selenium.chromium.ChromiumDriver lambda$new$5
WARNING: Unable to find version of CDP to use for 140.0.7339.81. You may need to include a dependency on a specific version of the CDP using something similar to `org.seleniumhq.selenium:selenium-devtools-v86:4.22.0` where the version ("v86") matches the version of the chromium-based browser you're using and the version number of the artifact is the same as Selenium's.
]]></system-err>
  </testcase>
  <testcase name="User clicks orders button, logs in if required, and views orders page" classname="Access Orders Page in bstackdemo" time="27.98">
    <system-out><![CDATA[
&amp#27;[1mScenario:&amp#27;[22m User clicks orders button, logs in if required, and views orders page  &amp#27;[90m# file:///C:/Users/HP/eclipse-workspace/Cucumber_bstackdemo/src/test/resources/features/EOrders.feature:2&amp#27;[39m
  &amp#27;[32m✔&amp#27;[39m &amp#27;[32m&amp#27;[1mGiven &amp#27;[22muser is already signed in, has added products to cart, and checked out&amp#27;[39m &amp#27;[90m# StepDefnitions.OrdersStep.user_is_authenticated_and_done_checkout()&amp#27;[39m
  &amp#27;[32m✔&amp#27;[39m &amp#27;[32m&amp#27;[1mWhen &amp#27;[22muser clicks the orders button&amp#27;[39m                                           &amp#27;[90m# StepDefnitions.OrdersStep.user_clicks_the_orders_button()&amp#27;[39m
  &amp#27;[32m✔&amp#27;[39m &amp#27;[32m&amp#27;[1mThen &amp#27;[22morders page should be displayed&amp#27;[39m                                         &amp#27;[90m# StepDefnitions.OrdersStep.orders_page_should_be_displayed()&amp#27;[39m
]]></system-out>
    <system-err><![CDATA[Sep 07, 2025 11:08:34 PM org.openqa.selenium.devtools.CdpVersionFinder findNearestMatch
WARNING: Unable to find CDP implementation matching 140
Sep 07, 2025 11:08:34 PM org.openqa.selenium.chromium.ChromiumDriver lambda$new$5
WARNING: Unable to find version of CDP to use for 140.0.7339.81. You may need to include a dependency on a specific version of the CDP using something similar to `org.seleniumhq.selenium:selenium-devtools-v86:4.22.0` where the version ("v86") matches the version of the chromium-based browser you're using and the version number of the artifact is the same as Selenium's.
]]></system-err>
  </testcase>
  <testcase name="Click on order by dropdown and select" classname="Search Products with Order by Option" time="10.557">
    <system-out><![CDATA[
&amp#27;[1mScenario:&amp#27;[22m Click on order by dropdown and select &amp#27;[90m# file:///C:/Users/HP/eclipse-workspace/Cucumber_bstackdemo/src/test/resources/features/FOderBy.feature:2&amp#27;[39m
  &amp#27;[32m✔&amp#27;[39m &amp#27;[32m&amp#27;[1mGiven &amp#27;[22mOpen Browser Home Page&amp#27;[39m                &amp#27;[90m# StepDefnitions.OrderByStep.open_browser_home_page()&amp#27;[39m
  &amp#27;[32m✔&amp#27;[39m &amp#27;[32m&amp#27;[1mWhen &amp#27;[22mClick on by order and select&amp#27;[39m           &amp#27;[90m# StepDefnitions.OrderByStep.click_on_by_order_and_select()&amp#27;[39m
  &amp#27;[32m✔&amp#27;[39m &amp#27;[32m&amp#27;[1mThen &amp#27;[22mDisplay List of products&amp#27;[39m               &amp#27;[90m# StepDefnitions.OrderByStep.display_list_of_products()&amp#27;[39m
]]></system-out>
    <system-err><![CDATA[Sep 07, 2025 11:09:02 PM org.openqa.selenium.devtools.CdpVersionFinder findNearestMatch
WARNING: Unable to find CDP implementation matching 140
Sep 07, 2025 11:09:02 PM org.openqa.selenium.chromium.ChromiumDriver lambda$new$5
WARNING: Unable to find version of CDP to use for 140.0.7339.81. You may need to include a dependency on a specific version of the CDP using something similar to `org.seleniumhq.selenium:selenium-devtools-v86:4.22.0` where the version ("v86") matches the version of the chromium-based browser you're using and the version number of the artifact is the same as Selenium's.
Sep 07, 2025 11:09:11 PM org.openqa.selenium.remote.http.WebSocket$Listener onError
WARNING: Connection reset
java.net.SocketException: Connection reset
	at java.base/sun.nio.ch.SocketChannelImpl.throwConnectionReset(SocketChannelImpl.java:401)
	at java.base/sun.nio.ch.SocketChannelImpl.read(SocketChannelImpl.java:434)
	at java.net.http/jdk.internal.net.http.SocketTube.readAvailable(SocketTube.java:1178)
	at java.net.http/jdk.internal.net.http.SocketTube$InternalReadPublisher$InternalReadSubscription.read(SocketTube.java:841)
	at java.net.http/jdk.internal.net.http.SocketTube$SocketFlowTask.run(SocketTube.java:181)
	at java.net.http/jdk.internal.net.http.common.SequentialScheduler$SchedulableTask.run(SequentialScheduler.java:207)
	at java.net.http/jdk.internal.net.http.common.SequentialScheduler.runOrSchedule(SequentialScheduler.java:280)
	at java.net.http/jdk.internal.net.http.common.SequentialScheduler.runOrSchedule(SequentialScheduler.java:233)
	at java.net.http/jdk.internal.net.http.SocketTube$InternalReadPublisher$InternalReadSubscription.signalReadable(SocketTube.java:782)
	at java.net.http/jdk.internal.net.http.SocketTube$InternalReadPublisher$ReadEvent.signalEvent(SocketTube.java:965)
	at java.net.http/jdk.internal.net.http.SocketTube$SocketFlowEvent.handle(SocketTube.java:253)
	at java.net.http/jdk.internal.net.http.HttpClientImpl$SelectorManager.handleEvent(HttpClientImpl.java:1477)
	at java.net.http/jdk.internal.net.http.HttpClientImpl$SelectorManager.lambda$run$3(HttpClientImpl.java:1422)
	at java.base/java.util.ArrayList.forEach(ArrayList.java:1596)
	at java.net.http/jdk.internal.net.http.HttpClientImpl$SelectorManager.run(HttpClientImpl.java:1422)

]]></system-err>
  </testcase>
  <testcase name="Click on offers and see available offers in your area" classname="View offers for products in bstackdemo" time="39.488">
    <system-out><![CDATA[
&amp#27;[1mScenario:&amp#27;[22m Click on offers and see available offers in your area &amp#27;[90m# file:///C:/Users/HP/eclipse-workspace/Cucumber_bstackdemo/src/test/resources/features/GOffers.feature:2&amp#27;[39m
  &amp#27;[32m✔&amp#27;[39m &amp#27;[32m&amp#27;[1mGiven &amp#27;[22mDefault home page will open in browser&amp#27;[39m                &amp#27;[90m# StepDefnitions.OffersStep.open_browser_home_page()&amp#27;[39m
  &amp#27;[32m✔&amp#27;[39m &amp#27;[32m&amp#27;[1mWhen &amp#27;[22mClick on offers and view&amp#27;[39m                               &amp#27;[90m# StepDefnitions.OffersStep.click_on_offers_and_view()&amp#27;[39m
  &amp#27;[32m✔&amp#27;[39m &amp#27;[32m&amp#27;[1mAnd &amp#27;[22mSign in if prompted&amp#27;[39m                                     &amp#27;[90m# StepDefnitions.OffersStep.sign_in_if_prompted()&amp#27;[39m
  &amp#27;[32m✔&amp#27;[39m &amp#27;[32m&amp#27;[1mThen &amp#27;[22mDisplay the message&amp#27;[39m                                    &amp#27;[90m# StepDefnitions.OffersStep.display_the_message()&amp#27;[39m
]]></system-out>
    <system-err><![CDATA[Sep 07, 2025 11:09:12 PM org.openqa.selenium.devtools.CdpVersionFinder findNearestMatch
WARNING: Unable to find CDP implementation matching 140
Sep 07, 2025 11:09:12 PM org.openqa.selenium.chromium.ChromiumDriver lambda$new$5
WARNING: Unable to find version of CDP to use for 140.0.7339.81. You may need to include a dependency on a specific version of the CDP using something similar to `org.seleniumhq.selenium:selenium-devtools-v86:4.22.0` where the version ("v86") matches the version of the chromium-based browser you're using and the version number of the artifact is the same as Selenium's.
]]></system-err>
  </testcase>
  <testcase name="validate vendors feature #1" classname="validate the vendors brandwise products in bstackdemo" time="16.347">
    <system-out><![CDATA[
&amp#27;[1mScenario Outline:&amp#27;[22m validate vendors feature     &amp#27;[90m# file:///C:/Users/HP/eclipse-workspace/Cucumber_bstackdemo/src/test/resources/features/HVendors.feature:8&amp#27;[39m
  &amp#27;[32m✔&amp#27;[39m &amp#27;[32m&amp#27;[1mGiven &amp#27;[22mbstack demo home page opens&amp#27;[39m          &amp#27;[90m# StepDefnitions.VendorsStep.bstack_demo_home_page_opens()&amp#27;[39m
  &amp#27;[32m✔&amp#27;[39m &amp#27;[32m&amp#27;[1mWhen &amp#27;[22mEnter &amp#27;[1mApple&amp#27;[22m products list displayed&amp#27;[39m   &amp#27;[90m# StepDefnitions.VendorsStep.enter_brand_products_list_displayed(java.lang.String)&amp#27;[39m
  &amp#27;[32m✔&amp#27;[39m &amp#27;[32m&amp#27;[1mThen &amp#27;[22mview the whole products of that brand&amp#27;[39m &amp#27;[90m# StepDefnitions.VendorsStep.view_the_whole_products_of_that_brand()&amp#27;[39m
]]></system-out>
    <system-err><![CDATA[Sep 07, 2025 11:09:52 PM org.openqa.selenium.devtools.CdpVersionFinder findNearestMatch
WARNING: Unable to find CDP implementation matching 140
Sep 07, 2025 11:09:52 PM org.openqa.selenium.chromium.ChromiumDriver lambda$new$5
WARNING: Unable to find version of CDP to use for 140.0.7339.81. You may need to include a dependency on a specific version of the CDP using something similar to `org.seleniumhq.selenium:selenium-devtools-v86:4.22.0` where the version ("v86") matches the version of the chromium-based browser you're using and the version number of the artifact is the same as Selenium's.
Sep 07, 2025 11:10:07 PM org.openqa.selenium.remote.http.WebSocket$Listener onError
WARNING: Connection reset
java.net.SocketException: Connection reset
	at java.base/sun.nio.ch.SocketChannelImpl.throwConnectionReset(SocketChannelImpl.java:401)
	at java.base/sun.nio.ch.SocketChannelImpl.read(SocketChannelImpl.java:434)
	at java.net.http/jdk.internal.net.http.SocketTube.readAvailable(SocketTube.java:1178)
	at java.net.http/jdk.internal.net.http.SocketTube$InternalReadPublisher$InternalReadSubscription.read(SocketTube.java:841)
	at java.net.http/jdk.internal.net.http.SocketTube$SocketFlowTask.run(SocketTube.java:181)
	at java.net.http/jdk.internal.net.http.common.SequentialScheduler$SchedulableTask.run(SequentialScheduler.java:207)
	at java.net.http/jdk.internal.net.http.common.SequentialScheduler.runOrSchedule(SequentialScheduler.java:280)
	at java.net.http/jdk.internal.net.http.common.SequentialScheduler.runOrSchedule(SequentialScheduler.java:233)
	at java.net.http/jdk.internal.net.http.SocketTube$InternalReadPublisher$InternalReadSubscription.signalReadable(SocketTube.java:782)
	at java.net.http/jdk.internal.net.http.SocketTube$InternalReadPublisher$ReadEvent.signalEvent(SocketTube.java:965)
	at java.net.http/jdk.internal.net.http.SocketTube$SocketFlowEvent.handle(SocketTube.java:253)
	at java.net.http/jdk.internal.net.http.HttpClientImpl$SelectorManager.handleEvent(HttpClientImpl.java:1477)
	at java.net.http/jdk.internal.net.http.HttpClientImpl$SelectorManager.lambda$run$3(HttpClientImpl.java:1422)
	at java.base/java.util.ArrayList.forEach(ArrayList.java:1596)
	at java.net.http/jdk.internal.net.http.HttpClientImpl$SelectorManager.run(HttpClientImpl.java:1422)

]]></system-err>
  </testcase>
  <testcase name="validate vendors feature #2" classname="validate the vendors brandwise products in bstackdemo" time="16.346">
    <system-out><![CDATA[
&amp#27;[1mScenario Outline:&amp#27;[22m validate vendors feature     &amp#27;[90m# file:///C:/Users/HP/eclipse-workspace/Cucumber_bstackdemo/src/test/resources/features/HVendors.feature:9&amp#27;[39m
  &amp#27;[32m✔&amp#27;[39m &amp#27;[32m&amp#27;[1mGiven &amp#27;[22mbstack demo home page opens&amp#27;[39m          &amp#27;[90m# StepDefnitions.VendorsStep.bstack_demo_home_page_opens()&amp#27;[39m
  &amp#27;[32m✔&amp#27;[39m &amp#27;[32m&amp#27;[1mWhen &amp#27;[22mEnter &amp#27;[1mSamsung&amp#27;[22m products list displayed&amp#27;[39m &amp#27;[90m# StepDefnitions.VendorsStep.enter_brand_products_list_displayed(java.lang.String)&amp#27;[39m
  &amp#27;[32m✔&amp#27;[39m &amp#27;[32m&amp#27;[1mThen &amp#27;[22mview the whole products of that brand&amp#27;[39m &amp#27;[90m# StepDefnitions.VendorsStep.view_the_whole_products_of_that_brand()&amp#27;[39m
]]></system-out>
    <system-err><![CDATA[Sep 07, 2025 11:10:08 PM org.openqa.selenium.devtools.CdpVersionFinder findNearestMatch
WARNING: Unable to find CDP implementation matching 140
Sep 07, 2025 11:10:08 PM org.openqa.selenium.chromium.ChromiumDriver lambda$new$5
WARNING: Unable to find version of CDP to use for 140.0.7339.81. You may need to include a dependency on a specific version of the CDP using something similar to `org.seleniumhq.selenium:selenium-devtools-v86:4.22.0` where the version ("v86") matches the version of the chromium-based browser you're using and the version number of the artifact is the same as Selenium's.
Sep 07, 2025 11:10:23 PM org.openqa.selenium.remote.http.WebSocket$Listener onError
WARNING: Connection reset
java.net.SocketException: Connection reset
	at java.base/sun.nio.ch.SocketChannelImpl.throwConnectionReset(SocketChannelImpl.java:401)
	at java.base/sun.nio.ch.SocketChannelImpl.read(SocketChannelImpl.java:434)
	at java.net.http/jdk.internal.net.http.SocketTube.readAvailable(SocketTube.java:1178)
	at java.net.http/jdk.internal.net.http.SocketTube$InternalReadPublisher$InternalReadSubscription.read(SocketTube.java:841)
	at java.net.http/jdk.internal.net.http.SocketTube$SocketFlowTask.run(SocketTube.java:181)
	at java.net.http/jdk.internal.net.http.common.SequentialScheduler$SchedulableTask.run(SequentialScheduler.java:207)
	at java.net.http/jdk.internal.net.http.common.SequentialScheduler.runOrSchedule(SequentialScheduler.java:280)
	at java.net.http/jdk.internal.net.http.common.SequentialScheduler.runOrSchedule(SequentialScheduler.java:233)
	at java.net.http/jdk.internal.net.http.SocketTube$InternalReadPublisher$InternalReadSubscription.signalReadable(SocketTube.java:782)
	at java.net.http/jdk.internal.net.http.SocketTube$InternalReadPublisher$ReadEvent.signalEvent(SocketTube.java:965)
	at java.net.http/jdk.internal.net.http.SocketTube$SocketFlowEvent.handle(SocketTube.java:253)
	at java.net.http/jdk.internal.net.http.HttpClientImpl$SelectorManager.handleEvent(HttpClientImpl.java:1477)
	at java.net.http/jdk.internal.net.http.HttpClientImpl$SelectorManager.lambda$run$3(HttpClientImpl.java:1422)
	at java.base/java.util.ArrayList.forEach(ArrayList.java:1596)
	at java.net.http/jdk.internal.net.http.HttpClientImpl$SelectorManager.run(HttpClientImpl.java:1422)

]]></system-err>
  </testcase>
  <testcase name="validate vendors feature #3" classname="validate the vendors brandwise products in bstackdemo" time="17.102">
    <system-out><![CDATA[
&amp#27;[1mScenario Outline:&amp#27;[22m validate vendors feature     &amp#27;[90m# file:///C:/Users/HP/eclipse-workspace/Cucumber_bstackdemo/src/test/resources/features/HVendors.feature:10&amp#27;[39m
  &amp#27;[32m✔&amp#27;[39m &amp#27;[32m&amp#27;[1mGiven &amp#27;[22mbstack demo home page opens&amp#27;[39m          &amp#27;[90m# StepDefnitions.VendorsStep.bstack_demo_home_page_opens()&amp#27;[39m
  &amp#27;[32m✔&amp#27;[39m &amp#27;[32m&amp#27;[1mWhen &amp#27;[22mEnter &amp#27;[1mOneplus&amp#27;[22m products list displayed&amp#27;[39m &amp#27;[90m# StepDefnitions.VendorsStep.enter_brand_products_list_displayed(java.lang.String)&amp#27;[39m
  &amp#27;[32m✔&amp#27;[39m &amp#27;[32m&amp#27;[1mThen &amp#27;[22mview the whole products of that brand&amp#27;[39m &amp#27;[90m# StepDefnitions.VendorsStep.view_the_whole_products_of_that_brand()&amp#27;[39m
]]></system-out>
    <system-err><![CDATA[Sep 07, 2025 11:10:24 PM org.openqa.selenium.devtools.CdpVersionFinder findNearestMatch
WARNING: Unable to find CDP implementation matching 140
Sep 07, 2025 11:10:24 PM org.openqa.selenium.chromium.ChromiumDriver lambda$new$5
WARNING: Unable to find version of CDP to use for 140.0.7339.81. You may need to include a dependency on a specific version of the CDP using something similar to `org.seleniumhq.selenium:selenium-devtools-v86:4.22.0` where the version ("v86") matches the version of the chromium-based browser you're using and the version number of the artifact is the same as Selenium's.
]]></system-err>
  </testcase>
  <testcase name="validate vendors feature #4" classname="validate the vendors brandwise products in bstackdemo" time="16.644">
    <system-out><![CDATA[
&amp#27;[1mScenario Outline:&amp#27;[22m validate vendors feature     &amp#27;[90m# file:///C:/Users/HP/eclipse-workspace/Cucumber_bstackdemo/src/test/resources/features/HVendors.feature:11&amp#27;[39m
  &amp#27;[32m✔&amp#27;[39m &amp#27;[32m&amp#27;[1mGiven &amp#27;[22mbstack demo home page opens&amp#27;[39m          &amp#27;[90m# StepDefnitions.VendorsStep.bstack_demo_home_page_opens()&amp#27;[39m
  &amp#27;[32m✔&amp#27;[39m &amp#27;[32m&amp#27;[1mWhen &amp#27;[22mEnter &amp#27;[1mgoogle&amp#27;[22m products list displayed&amp#27;[39m  &amp#27;[90m# StepDefnitions.VendorsStep.enter_brand_products_list_displayed(java.lang.String)&amp#27;[39m
  &amp#27;[32m✔&amp#27;[39m &amp#27;[32m&amp#27;[1mThen &amp#27;[22mview the whole products of that brand&amp#27;[39m &amp#27;[90m# StepDefnitions.VendorsStep.view_the_whole_products_of_that_brand()&amp#27;[39m
]]></system-out>
    <system-err><![CDATA[Sep 07, 2025 11:10:42 PM org.openqa.selenium.devtools.CdpVersionFinder findNearestMatch
WARNING: Unable to find CDP implementation matching 140
Sep 07, 2025 11:10:42 PM org.openqa.selenium.chromium.ChromiumDriver lambda$new$5
WARNING: Unable to find version of CDP to use for 140.0.7339.81. You may need to include a dependency on a specific version of the CDP using something similar to `org.seleniumhq.selenium:selenium-devtools-v86:4.22.0` where the version ("v86") matches the version of the chromium-based browser you're using and the version number of the artifact is the same as Selenium's.
]]></system-err>
  </testcase>
  <testcase name="User accesses the favourites section by addind favourites" classname="Validate favourites functionality in bstackdemo" time="12.515">
    <system-out><![CDATA[
&amp#27;[1mScenario:&amp#27;[22m User accesses the favourites section by addind favourites           &amp#27;[90m# file:///C:/Users/HP/eclipse-workspace/Cucumber_bstackdemo/src/test/resources/features/IFavourites.feature:2&amp#27;[39m
  &amp#27;[32m✔&amp#27;[39m &amp#27;[32m&amp#27;[1mGiven &amp#27;[22mbstack demo home page is open and clicks favourites icon of product&amp#27;[39m &amp#27;[90m# StepDefnitions.FavouritesStep.bstack_demo_home_page_is_open_and_clicks_favourites_icon_of_product()&amp#27;[39m
  &amp#27;[32m✔&amp#27;[39m &amp#27;[32m&amp#27;[1mWhen &amp#27;[22muser clicks on favouritesicon and add product to favourites&amp#27;[39m          &amp#27;[90m# StepDefnitions.FavouritesStep.user_clicks_on_favouritesicon_and_add_product_to_favourites()&amp#27;[39m
favourites diaplayed
  &amp#27;[32m✔&amp#27;[39m &amp#27;[32m&amp#27;[1mThen &amp#27;[22mclick on favourites and view&amp#27;[39m                                         &amp#27;[90m# StepDefnitions.FavouritesStep.click_on_favourites_and_view()&amp#27;[39m
]]></system-out>
    <system-err><![CDATA[Sep 07, 2025 11:10:58 PM org.openqa.selenium.devtools.CdpVersionFinder findNearestMatch
WARNING: Unable to find CDP implementation matching 140
Sep 07, 2025 11:10:58 PM org.openqa.selenium.chromium.ChromiumDriver lambda$new$5
WARNING: Unable to find version of CDP to use for 140.0.7339.81. You may need to include a dependency on a specific version of the CDP using something similar to `org.seleniumhq.selenium:selenium-devtools-v86:4.22.0` where the version ("v86") matches the version of the chromium-based browser you're using and the version number of the artifact is the same as Selenium's.
Sep 07, 2025 11:11:09 PM org.openqa.selenium.remote.http.WebSocket$Listener onError
WARNING: Connection reset
java.net.SocketException: Connection reset
	at java.base/sun.nio.ch.SocketChannelImpl.throwConnectionReset(SocketChannelImpl.java:401)
	at java.base/sun.nio.ch.SocketChannelImpl.read(SocketChannelImpl.java:434)
	at java.net.http/jdk.internal.net.http.SocketTube.readAvailable(SocketTube.java:1178)
	at java.net.http/jdk.internal.net.http.SocketTube$InternalReadPublisher$InternalReadSubscription.read(SocketTube.java:841)
	at java.net.http/jdk.internal.net.http.SocketTube$SocketFlowTask.run(SocketTube.java:181)
	at java.net.http/jdk.internal.net.http.common.SequentialScheduler$SchedulableTask.run(SequentialScheduler.java:207)
	at java.net.http/jdk.internal.net.http.common.SequentialScheduler.runOrSchedule(SequentialScheduler.java:280)
	at java.net.http/jdk.internal.net.http.common.SequentialScheduler.runOrSchedule(SequentialScheduler.java:233)
	at java.net.http/jdk.internal.net.http.SocketTube$InternalReadPublisher$InternalReadSubscription.signalReadable(SocketTube.java:782)
	at java.net.http/jdk.internal.net.http.SocketTube$InternalReadPublisher$ReadEvent.signalEvent(SocketTube.java:965)
	at java.net.http/jdk.internal.net.http.SocketTube$SocketFlowEvent.handle(SocketTube.java:253)
	at java.net.http/jdk.internal.net.http.HttpClientImpl$SelectorManager.handleEvent(HttpClientImpl.java:1477)
	at java.net.http/jdk.internal.net.http.HttpClientImpl$SelectorManager.lambda$run$3(HttpClientImpl.java:1422)
	at java.base/java.util.ArrayList.forEach(ArrayList.java:1596)
	at java.net.http/jdk.internal.net.http.HttpClientImpl$SelectorManager.run(HttpClientImpl.java:1422)

]]></system-err>
  </testcase>
  <testcase name="User logs out successfully" classname="Logout functionality in bstackdemo" time="13.364">
    <system-out><![CDATA[
&amp#27;[1mScenario:&amp#27;[22m User logs out successfully            &amp#27;[90m# file:///C:/Users/HP/eclipse-workspace/Cucumber_bstackdemo/src/test/resources/features/JLogout.feature:2&amp#27;[39m
  &amp#27;[32m✔&amp#27;[39m &amp#27;[32m&amp#27;[1mGiven &amp#27;[22mdefault logged in website opens&amp#27;[39m       &amp#27;[90m# StepDefnitions.LogoutStep.default_logged_in_website_opens()&amp#27;[39m
  &amp#27;[32m✔&amp#27;[39m &amp#27;[32m&amp#27;[1mWhen &amp#27;[22muser clicks on logout button&amp#27;[39m           &amp#27;[90m# StepDefnitions.LogoutStep.user_clicks_on_logout_button()&amp#27;[39m
  &amp#27;[32m✔&amp#27;[39m &amp#27;[32m&amp#27;[1mThen &amp#27;[22muser should be logged out successfully&amp#27;[39m &amp#27;[90m# StepDefnitions.LogoutStep.user_should_be_loggged_out_sucessfully()&amp#27;[39m
]]></system-out>
    <system-err><![CDATA[Sep 07, 2025 11:11:11 PM org.openqa.selenium.devtools.CdpVersionFinder findNearestMatch
WARNING: Unable to find CDP implementation matching 140
Sep 07, 2025 11:11:11 PM org.openqa.selenium.chromium.ChromiumDriver lambda$new$5
WARNING: Unable to find version of CDP to use for 140.0.7339.81. You may need to include a dependency on a specific version of the CDP using something similar to `org.seleniumhq.selenium:selenium-devtools-v86:4.22.0` where the version ("v86") matches the version of the chromium-based browser you're using and the version number of the artifact is the same as Selenium's.
Sep 07, 2025 11:11:23 PM org.openqa.selenium.remote.http.WebSocket$Listener onError
WARNING: Connection reset
java.net.SocketException: Connection reset
	at java.base/sun.nio.ch.SocketChannelImpl.throwConnectionReset(SocketChannelImpl.java:401)
	at java.base/sun.nio.ch.SocketChannelImpl.read(SocketChannelImpl.java:434)
	at java.net.http/jdk.internal.net.http.SocketTube.readAvailable(SocketTube.java:1178)
	at java.net.http/jdk.internal.net.http.SocketTube$InternalReadPublisher$InternalReadSubscription.read(SocketTube.java:841)
	at java.net.http/jdk.internal.net.http.SocketTube$SocketFlowTask.run(SocketTube.java:181)
	at java.net.http/jdk.internal.net.http.common.SequentialScheduler$SchedulableTask.run(SequentialScheduler.java:207)
	at java.net.http/jdk.internal.net.http.common.SequentialScheduler.runOrSchedule(SequentialScheduler.java:280)
	at java.net.http/jdk.internal.net.http.common.SequentialScheduler.runOrSchedule(SequentialScheduler.java:233)
	at java.net.http/jdk.internal.net.http.SocketTube$InternalReadPublisher$InternalReadSubscription.signalReadable(SocketTube.java:782)
	at java.net.http/jdk.internal.net.http.SocketTube$InternalReadPublisher$ReadEvent.signalEvent(SocketTube.java:965)
	at java.net.http/jdk.internal.net.http.SocketTube$SocketFlowEvent.handle(SocketTube.java:253)
	at java.net.http/jdk.internal.net.http.HttpClientImpl$SelectorManager.handleEvent(HttpClientImpl.java:1477)
	at java.net.http/jdk.internal.net.http.HttpClientImpl$SelectorManager.lambda$run$3(HttpClientImpl.java:1422)
	at java.base/java.util.ArrayList.forEach(ArrayList.java:1596)
	at java.net.http/jdk.internal.net.http.HttpClientImpl$SelectorManager.run(HttpClientImpl.java:1422)

]]></system-err>
  </testcase>
</testsuite>